<?xml version="1.0" encoding="UTF-8"?>
<testng-results ignored="0" total="10" passed="10" failed="0" skipped="0">
  <reporter-output>
  </reporter-output>
  <suite started-at="2025-03-11T17:06:52 CDT" name="Gradle suite" finished-at="2025-03-11T17:06:52 CDT" duration-ms="451">
    <groups>
      <group name="all">
        <method signature="TaxCalculatorTest.testConstructorInvalidAge()[pri:0, instance:edu.msoe.swe2721.taxRateCalculator.TaxCalculatorTest@59712875]" name="testConstructorInvalidAge" class="edu.msoe.swe2721.taxRateCalculator.TaxCalculatorTest"/>
        <method signature="TaxCalculatorTest.testConstructorInvalidFilingStatus()[pri:0, instance:edu.msoe.swe2721.taxRateCalculator.TaxCalculatorTest@59712875]" name="testConstructorInvalidFilingStatus" class="edu.msoe.swe2721.taxRateCalculator.TaxCalculatorTest"/>
        <method signature="TaxCalculatorTest.testConstructorInvalidName()[pri:0, instance:edu.msoe.swe2721.taxRateCalculator.TaxCalculatorTest@59712875]" name="testConstructorInvalidName" class="edu.msoe.swe2721.taxRateCalculator.TaxCalculatorTest"/>
        <method signature="TaxCalculatorTest.testInvalidAge()[pri:0, instance:edu.msoe.swe2721.taxRateCalculator.TaxCalculatorTest@59712875]" name="testInvalidAge" class="edu.msoe.swe2721.taxRateCalculator.TaxCalculatorTest"/>
        <method signature="TaxCalculatorTest.testMarriedFilingStatusRequiresSpouse()[pri:0, instance:edu.msoe.swe2721.taxRateCalculator.TaxCalculatorTest@59712875]" name="testMarriedFilingStatusRequiresSpouse" class="edu.msoe.swe2721.taxRateCalculator.TaxCalculatorTest"/>
        <method signature="TaxCalculatorTest.testMarriedJointlySetup(java.lang.String,int,java.lang.String,int,edu.msoe.swe2721.taxRateCalculator.FilingStatus,double,double,boolean,double,double,double)[pri:0, instance:edu.msoe.swe2721.taxRateCalculator.TaxCalculatorTest@59712875]" name="testMarriedJointlySetup" class="edu.msoe.swe2721.taxRateCalculator.TaxCalculatorTest"/>
        <method signature="TaxCalculatorTest.testNameValidation()[pri:0, instance:edu.msoe.swe2721.taxRateCalculator.TaxCalculatorTest@59712875]" name="testNameValidation" class="edu.msoe.swe2721.taxRateCalculator.TaxCalculatorTest"/>
        <method signature="TaxCalculatorTest.testSingleSetup(java.lang.String,int,edu.msoe.swe2721.taxRateCalculator.FilingStatus,double,double,boolean,double,double,double)[pri:0, instance:edu.msoe.swe2721.taxRateCalculator.TaxCalculatorTest@59712875]" name="testSingleSetup" class="edu.msoe.swe2721.taxRateCalculator.TaxCalculatorTest"/>
        <method signature="TaxCalculatorTest.testStandardDeductionMarriedFilingJointly()[pri:0, instance:edu.msoe.swe2721.taxRateCalculator.TaxCalculatorTest@59712875]" name="testStandardDeductionMarriedFilingJointly" class="edu.msoe.swe2721.taxRateCalculator.TaxCalculatorTest"/>
      </group> <!-- all -->
      <group name="student">
        <method signature="TaxCalculatorTest.testConstructorInvalidAge()[pri:0, instance:edu.msoe.swe2721.taxRateCalculator.TaxCalculatorTest@59712875]" name="testConstructorInvalidAge" class="edu.msoe.swe2721.taxRateCalculator.TaxCalculatorTest"/>
        <method signature="TaxCalculatorTest.testConstructorInvalidFilingStatus()[pri:0, instance:edu.msoe.swe2721.taxRateCalculator.TaxCalculatorTest@59712875]" name="testConstructorInvalidFilingStatus" class="edu.msoe.swe2721.taxRateCalculator.TaxCalculatorTest"/>
        <method signature="TaxCalculatorTest.testConstructorInvalidName()[pri:0, instance:edu.msoe.swe2721.taxRateCalculator.TaxCalculatorTest@59712875]" name="testConstructorInvalidName" class="edu.msoe.swe2721.taxRateCalculator.TaxCalculatorTest"/>
        <method signature="TaxCalculatorTest.testInvalidAge()[pri:0, instance:edu.msoe.swe2721.taxRateCalculator.TaxCalculatorTest@59712875]" name="testInvalidAge" class="edu.msoe.swe2721.taxRateCalculator.TaxCalculatorTest"/>
        <method signature="TaxCalculatorTest.testMarriedFilingStatusRequiresSpouse()[pri:0, instance:edu.msoe.swe2721.taxRateCalculator.TaxCalculatorTest@59712875]" name="testMarriedFilingStatusRequiresSpouse" class="edu.msoe.swe2721.taxRateCalculator.TaxCalculatorTest"/>
        <method signature="TaxCalculatorTest.testMarriedJointlySetup(java.lang.String,int,java.lang.String,int,edu.msoe.swe2721.taxRateCalculator.FilingStatus,double,double,boolean,double,double,double)[pri:0, instance:edu.msoe.swe2721.taxRateCalculator.TaxCalculatorTest@59712875]" name="testMarriedJointlySetup" class="edu.msoe.swe2721.taxRateCalculator.TaxCalculatorTest"/>
        <method signature="TaxCalculatorTest.testNameValidation()[pri:0, instance:edu.msoe.swe2721.taxRateCalculator.TaxCalculatorTest@59712875]" name="testNameValidation" class="edu.msoe.swe2721.taxRateCalculator.TaxCalculatorTest"/>
        <method signature="TaxCalculatorTest.testSingleSetup(java.lang.String,int,edu.msoe.swe2721.taxRateCalculator.FilingStatus,double,double,boolean,double,double,double)[pri:0, instance:edu.msoe.swe2721.taxRateCalculator.TaxCalculatorTest@59712875]" name="testSingleSetup" class="edu.msoe.swe2721.taxRateCalculator.TaxCalculatorTest"/>
        <method signature="TaxCalculatorTest.testStandardDeductionMarriedFilingJointly()[pri:0, instance:edu.msoe.swe2721.taxRateCalculator.TaxCalculatorTest@59712875]" name="testStandardDeductionMarriedFilingJointly" class="edu.msoe.swe2721.taxRateCalculator.TaxCalculatorTest"/>
      </group> <!-- student -->
      <group name="polleschk">
        <method signature="TaxCalculatorTest.testConstructorInvalidAge()[pri:0, instance:edu.msoe.swe2721.taxRateCalculator.TaxCalculatorTest@59712875]" name="testConstructorInvalidAge" class="edu.msoe.swe2721.taxRateCalculator.TaxCalculatorTest"/>
        <method signature="TaxCalculatorTest.testConstructorInvalidFilingStatus()[pri:0, instance:edu.msoe.swe2721.taxRateCalculator.TaxCalculatorTest@59712875]" name="testConstructorInvalidFilingStatus" class="edu.msoe.swe2721.taxRateCalculator.TaxCalculatorTest"/>
        <method signature="TaxCalculatorTest.testConstructorInvalidName()[pri:0, instance:edu.msoe.swe2721.taxRateCalculator.TaxCalculatorTest@59712875]" name="testConstructorInvalidName" class="edu.msoe.swe2721.taxRateCalculator.TaxCalculatorTest"/>
        <method signature="TaxCalculatorTest.testInvalidAge()[pri:0, instance:edu.msoe.swe2721.taxRateCalculator.TaxCalculatorTest@59712875]" name="testInvalidAge" class="edu.msoe.swe2721.taxRateCalculator.TaxCalculatorTest"/>
        <method signature="TaxCalculatorTest.testMarriedFilingStatusRequiresSpouse()[pri:0, instance:edu.msoe.swe2721.taxRateCalculator.TaxCalculatorTest@59712875]" name="testMarriedFilingStatusRequiresSpouse" class="edu.msoe.swe2721.taxRateCalculator.TaxCalculatorTest"/>
        <method signature="TaxCalculatorTest.testMarriedJointlySetup(java.lang.String,int,java.lang.String,int,edu.msoe.swe2721.taxRateCalculator.FilingStatus,double,double,boolean,double,double,double)[pri:0, instance:edu.msoe.swe2721.taxRateCalculator.TaxCalculatorTest@59712875]" name="testMarriedJointlySetup" class="edu.msoe.swe2721.taxRateCalculator.TaxCalculatorTest"/>
        <method signature="TaxCalculatorTest.testNameValidation()[pri:0, instance:edu.msoe.swe2721.taxRateCalculator.TaxCalculatorTest@59712875]" name="testNameValidation" class="edu.msoe.swe2721.taxRateCalculator.TaxCalculatorTest"/>
        <method signature="TaxCalculatorTest.testSingleSetup(java.lang.String,int,edu.msoe.swe2721.taxRateCalculator.FilingStatus,double,double,boolean,double,double,double)[pri:0, instance:edu.msoe.swe2721.taxRateCalculator.TaxCalculatorTest@59712875]" name="testSingleSetup" class="edu.msoe.swe2721.taxRateCalculator.TaxCalculatorTest"/>
        <method signature="TaxCalculatorTest.testStandardDeductionMarriedFilingJointly()[pri:0, instance:edu.msoe.swe2721.taxRateCalculator.TaxCalculatorTest@59712875]" name="testStandardDeductionMarriedFilingJointly" class="edu.msoe.swe2721.taxRateCalculator.TaxCalculatorTest"/>
      </group> <!-- polleschk -->
    </groups>
    <test started-at="2025-03-11T17:06:52 CDT" name="Gradle test" finished-at="2025-03-11T17:06:52 CDT" duration-ms="451">
      <class name="edu.msoe.swe2721.taxRateCalculator.TaxCalculatorTest">
        <test-method is-config="true" signature="setUp()[pri:0, instance:edu.msoe.swe2721.taxRateCalculator.TaxCalculatorTest@59712875]" started-at="2025-03-11T17:06:52 CDT" name="setUp" finished-at="2025-03-11T17:06:52 CDT" duration-ms="39" status="PASS">
          <reporter-output>
          </reporter-output>
        </test-method> <!-- setUp -->
        <test-method signature="testConstructorInvalidAge()[pri:0, instance:edu.msoe.swe2721.taxRateCalculator.TaxCalculatorTest@59712875]" started-at="2025-03-11T17:06:52 CDT" name="testConstructorInvalidAge" finished-at="2025-03-11T17:06:52 CDT" duration-ms="34" status="PASS">
          <reporter-output>
          </reporter-output>
        </test-method> <!-- testConstructorInvalidAge -->
        <test-method is-config="true" signature="setUp()[pri:0, instance:edu.msoe.swe2721.taxRateCalculator.TaxCalculatorTest@59712875]" started-at="2025-03-11T17:06:52 CDT" name="setUp" finished-at="2025-03-11T17:06:52 CDT" duration-ms="2" status="PASS">
          <reporter-output>
          </reporter-output>
        </test-method> <!-- setUp -->
        <test-method signature="testConstructorInvalidFilingStatus()[pri:0, instance:edu.msoe.swe2721.taxRateCalculator.TaxCalculatorTest@59712875]" started-at="2025-03-11T17:06:52 CDT" name="testConstructorInvalidFilingStatus" finished-at="2025-03-11T17:06:52 CDT" duration-ms="4" status="PASS">
          <reporter-output>
          </reporter-output>
        </test-method> <!-- testConstructorInvalidFilingStatus -->
        <test-method is-config="true" signature="setUp()[pri:0, instance:edu.msoe.swe2721.taxRateCalculator.TaxCalculatorTest@59712875]" started-at="2025-03-11T17:06:52 CDT" name="setUp" finished-at="2025-03-11T17:06:52 CDT" duration-ms="1" status="PASS">
          <reporter-output>
          </reporter-output>
        </test-method> <!-- setUp -->
        <test-method signature="testConstructorInvalidName()[pri:0, instance:edu.msoe.swe2721.taxRateCalculator.TaxCalculatorTest@59712875]" started-at="2025-03-11T17:06:52 CDT" name="testConstructorInvalidName" finished-at="2025-03-11T17:06:52 CDT" duration-ms="3" status="PASS">
          <reporter-output>
          </reporter-output>
        </test-method> <!-- testConstructorInvalidName -->
        <test-method is-config="true" signature="setUp()[pri:0, instance:edu.msoe.swe2721.taxRateCalculator.TaxCalculatorTest@59712875]" started-at="2025-03-11T17:06:52 CDT" name="setUp" finished-at="2025-03-11T17:06:52 CDT" duration-ms="1" status="PASS">
          <reporter-output>
          </reporter-output>
        </test-method> <!-- setUp -->
        <test-method signature="testInvalidAge()[pri:0, instance:edu.msoe.swe2721.taxRateCalculator.TaxCalculatorTest@59712875]" started-at="2025-03-11T17:06:52 CDT" name="testInvalidAge" finished-at="2025-03-11T17:06:52 CDT" duration-ms="4" status="PASS">
          <reporter-output>
          </reporter-output>
        </test-method> <!-- testInvalidAge -->
        <test-method is-config="true" signature="setUp()[pri:0, instance:edu.msoe.swe2721.taxRateCalculator.TaxCalculatorTest@59712875]" started-at="2025-03-11T17:06:52 CDT" name="setUp" finished-at="2025-03-11T17:06:52 CDT" duration-ms="1" status="PASS">
          <reporter-output>
          </reporter-output>
        </test-method> <!-- setUp -->
        <test-method signature="testMarriedFilingStatusRequiresSpouse()[pri:0, instance:edu.msoe.swe2721.taxRateCalculator.TaxCalculatorTest@59712875]" started-at="2025-03-11T17:06:52 CDT" name="testMarriedFilingStatusRequiresSpouse" finished-at="2025-03-11T17:06:52 CDT" duration-ms="4" status="PASS">
          <reporter-output>
          </reporter-output>
        </test-method> <!-- testMarriedFilingStatusRequiresSpouse -->
        <test-method is-config="true" signature="setUp()[pri:0, instance:edu.msoe.swe2721.taxRateCalculator.TaxCalculatorTest@59712875]" started-at="2025-03-11T17:06:52 CDT" name="setUp" finished-at="2025-03-11T17:06:52 CDT" duration-ms="1" status="PASS">
          <reporter-output>
          </reporter-output>
        </test-method> <!-- setUp -->
        <test-method signature="testMarriedJointlySetup(java.lang.String,int,java.lang.String,int,edu.msoe.swe2721.taxRateCalculator.FilingStatus,double,double,boolean,double,double,double)[pri:0, instance:edu.msoe.swe2721.taxRateCalculator.TaxCalculatorTest@59712875]" started-at="2025-03-11T17:06:52 CDT" name="testMarriedJointlySetup" data-provider="marriedJointlyDataProvider" finished-at="2025-03-11T17:06:52 CDT" duration-ms="38" status="PASS">
          <params>
            <param index="0">
              <value>
                <![CDATA[Larry]]>
              </value>
            </param>
            <param index="1">
              <value>
                <![CDATA[30]]>
              </value>
            </param>
            <param index="2">
              <value>
                <![CDATA[Joan]]>
              </value>
            </param>
            <param index="3">
              <value>
                <![CDATA[28]]>
              </value>
            </param>
            <param index="4">
              <value>
                <![CDATA[MARRIED_FILING_JOINTLY]]>
              </value>
            </param>
            <param index="5">
              <value>
                <![CDATA[60000]]>
              </value>
            </param>
            <param index="6">
              <value>
                <![CDATA[27700]]>
              </value>
            </param>
            <param index="7">
              <value>
                <![CDATA[true]]>
              </value>
            </param>
            <param index="8">
              <value>
                <![CDATA[32300]]>
              </value>
            </param>
            <param index="9">
              <value>
                <![CDATA[3436.0]]>
              </value>
            </param>
            <param index="10">
              <value>
                <![CDATA[5.7]]>
              </value>
            </param>
          </params>
          <reporter-output>
          </reporter-output>
        </test-method> <!-- testMarriedJointlySetup -->
        <test-method is-config="true" signature="setUp()[pri:0, instance:edu.msoe.swe2721.taxRateCalculator.TaxCalculatorTest@59712875]" started-at="2025-03-11T17:06:52 CDT" name="setUp" finished-at="2025-03-11T17:06:52 CDT" duration-ms="1" status="PASS">
          <reporter-output>
          </reporter-output>
        </test-method> <!-- setUp -->
        <test-method signature="testNameValidation()[pri:0, instance:edu.msoe.swe2721.taxRateCalculator.TaxCalculatorTest@59712875]" started-at="2025-03-11T17:06:52 CDT" name="testNameValidation" finished-at="2025-03-11T17:06:52 CDT" duration-ms="12" status="PASS">
          <reporter-output>
          </reporter-output>
        </test-method> <!-- testNameValidation -->
        <test-method is-config="true" signature="setUp()[pri:0, instance:edu.msoe.swe2721.taxRateCalculator.TaxCalculatorTest@59712875]" started-at="2025-03-11T17:06:52 CDT" name="setUp" finished-at="2025-03-11T17:06:52 CDT" duration-ms="2" status="PASS">
          <reporter-output>
          </reporter-output>
        </test-method> <!-- setUp -->
        <test-method signature="testSingleSetup(java.lang.String,int,edu.msoe.swe2721.taxRateCalculator.FilingStatus,double,double,boolean,double,double,double)[pri:0, instance:edu.msoe.swe2721.taxRateCalculator.TaxCalculatorTest@59712875]" started-at="2025-03-11T17:06:52 CDT" name="testSingleSetup" data-provider="singleDataProvider" finished-at="2025-03-11T17:06:52 CDT" duration-ms="14" status="PASS">
          <params>
            <param index="0">
              <value>
                <![CDATA[Beth]]>
              </value>
            </param>
            <param index="1">
              <value>
                <![CDATA[33]]>
              </value>
            </param>
            <param index="2">
              <value>
                <![CDATA[SINGLE]]>
              </value>
            </param>
            <param index="3">
              <value>
                <![CDATA[125000]]>
              </value>
            </param>
            <param index="4">
              <value>
                <![CDATA[13850]]>
              </value>
            </param>
            <param index="5">
              <value>
                <![CDATA[true]]>
              </value>
            </param>
            <param index="6">
              <value>
                <![CDATA[111150]]>
              </value>
            </param>
            <param index="7">
              <value>
                <![CDATA[20076.0]]>
              </value>
            </param>
            <param index="8">
              <value>
                <![CDATA[16.1]]>
              </value>
            </param>
          </params>
          <reporter-output>
          </reporter-output>
        </test-method> <!-- testSingleSetup -->
        <test-method is-config="true" signature="setUp()[pri:0, instance:edu.msoe.swe2721.taxRateCalculator.TaxCalculatorTest@59712875]" started-at="2025-03-11T17:06:52 CDT" name="setUp" finished-at="2025-03-11T17:06:52 CDT" duration-ms="1" status="PASS">
          <reporter-output>
          </reporter-output>
        </test-method> <!-- setUp -->
        <test-method signature="testSingleSetup(java.lang.String,int,edu.msoe.swe2721.taxRateCalculator.FilingStatus,double,double,boolean,double,double,double)[pri:0, instance:edu.msoe.swe2721.taxRateCalculator.TaxCalculatorTest@59712875]" started-at="2025-03-11T17:06:52 CDT" name="testSingleSetup" data-provider="singleDataProvider" finished-at="2025-03-11T17:06:52 CDT" duration-ms="0" status="PASS">
          <params>
            <param index="0">
              <value>
                <![CDATA[Bart]]>
              </value>
            </param>
            <param index="1">
              <value>
                <![CDATA[72]]>
              </value>
            </param>
            <param index="2">
              <value>
                <![CDATA[SINGLE]]>
              </value>
            </param>
            <param index="3">
              <value>
                <![CDATA[15699]]>
              </value>
            </param>
            <param index="4">
              <value>
                <![CDATA[15700]]>
              </value>
            </param>
            <param index="5">
              <value>
                <![CDATA[false]]>
              </value>
            </param>
            <param index="6">
              <value>
                <![CDATA[0]]>
              </value>
            </param>
            <param index="7">
              <value>
                <![CDATA[0]]>
              </value>
            </param>
            <param index="8">
              <value>
                <![CDATA[0]]>
              </value>
            </param>
          </params>
          <reporter-output>
          </reporter-output>
        </test-method> <!-- testSingleSetup -->
        <test-method is-config="true" signature="setUp()[pri:0, instance:edu.msoe.swe2721.taxRateCalculator.TaxCalculatorTest@59712875]" started-at="2025-03-11T17:06:52 CDT" name="setUp" finished-at="2025-03-11T17:06:52 CDT" duration-ms="1" status="PASS">
          <reporter-output>
          </reporter-output>
        </test-method> <!-- setUp -->
        <test-method signature="testStandardDeductionMarriedFilingJointly()[pri:0, instance:edu.msoe.swe2721.taxRateCalculator.TaxCalculatorTest@59712875]" started-at="2025-03-11T17:06:52 CDT" name="testStandardDeductionMarriedFilingJointly" finished-at="2025-03-11T17:06:52 CDT" duration-ms="1" status="PASS">
          <reporter-output>
          </reporter-output>
        </test-method> <!-- testStandardDeductionMarriedFilingJointly -->
      </class> <!-- edu.msoe.swe2721.taxRateCalculator.TaxCalculatorTest -->
    </test> <!-- Gradle test -->
  </suite> <!-- Gradle suite -->
</testng-results>
